<?xml version="1.0" encoding="UTF-8"?>
<!-- Generated by org.testng.reporters.JUnitXMLReporter -->
<testsuite ignored="0" hostname="DESKTOP-QD2UUQP" failures="0" tests="7" name="Free CRM App Test Cases" time="173.684" errors="0" timestamp="2021-05-16T10:18:47 IST">
  <testcase classname="com.freecrm.qa.testcases.ContactsPageTest" name="verifyContactPageLabel" time="0.223"/>
  <testcase classname="com.freecrm.qa.testcases.HomePageTest" name="verifyHomePageTitleTest" time="0.025"/>
  <testcase classname="com.freecrm.qa.testcases.HomePageTest" name="verifyUserName" time="0.248"/>
  <testcase classname="com.freecrm.qa.testcases.HomePageTest" name="verifyContactLink" time="2.857"/>
  <testcase classname="com.freecrm.qa.testcases.LoginPageTest" name="loginPageTitle" time="0.011"/>
  <testcase classname="com.freecrm.qa.testcases.LoginPageTest" name="crmLogo" time="0.057"/>
  <testcase classname="com.freecrm.qa.testcases.LoginPageTest" name="login" time="12.212"/>
</testsuite> <!-- Free CRM App Test Cases -->
