<?xml version="1.0" encoding="UTF-8"?>
<!-- Generated by org.testng.reporters.JUnitXMLReporter -->
<testsuite ignored="0" hostname="DESKTOP-QD2UUQP" failures="0" tests="2" name="Default test" time="79.971" errors="0" timestamp="2021-05-16T16:22:34 IST">
  <testcase classname="com.freecrm.qa.testcases.ContactsPageTest" name="verifyContactPageLabel" time="0.212"/>
  <testcase classname="com.freecrm.qa.testcases.ContactsPageTest" name="createNewContact" time="14.662"/>
</testsuite> <!-- Default test -->
